<?xml version="1.0" encoding="UTF-8"?>
<testng-results skipped="0" failed="0" total="1" passed="1">
  <reporter-output>
  </reporter-output>
  <suite name="Suite" duration-ms="40" started-at="2019-10-04T11:22:10Z" finished-at="2019-10-04T11:22:10Z">
    <groups>
    </groups>
    <test name="Test" duration-ms="40" started-at="2019-10-04T11:22:10Z" finished-at="2019-10-04T11:22:10Z">
      <class name="Calculations.Array">
        <test-method status="PASS" signature="listArray()[pri:0, instance:Calculations.Array@1324409e]" name="listArray" duration-ms="15" started-at="2019-10-04T12:22:10Z" finished-at="2019-10-04T12:22:10Z">
          <reporter-output>
          </reporter-output>
        </test-method> <!-- listArray -->
      </class> <!-- Calculations.Array -->
    </test> <!-- Test -->
  </suite> <!-- Suite -->
</testng-results>
